<?xml version="1.0" encoding="UTF-8"?>
<testng-results ignored="0" total="1" passed="1" failed="0" skipped="0">
  <reporter-output>
  </reporter-output>
  <suite started-at="2023-11-25T11:29:10Z" name="Suite" finished-at="2023-11-25T11:29:49Z" duration-ms="39035">
    <groups>
    </groups>
    <test started-at="2023-11-25T11:29:10Z" name="Test" finished-at="2023-11-25T11:29:49Z" duration-ms="39035">
      <class name="com.inetbanking.testcases.TC_AddCustomerTest_003">
        <test-method is-config="true" signature="setUp()[pri:0, instance:com.inetbanking.testcases.TC_AddCustomerTest_003@5be46f9d]" started-at="2023-11-25T11:29:10Z" name="setUp" finished-at="2023-11-25T11:29:12Z" duration-ms="2272" status="PASS">
          <reporter-output>
          </reporter-output>
        </test-method> <!-- setUp -->
        <test-method signature="addNewCustomer()[pri:0, instance:com.inetbanking.testcases.TC_AddCustomerTest_003@5be46f9d]" started-at="2023-11-25T11:29:12Z" name="addNewCustomer" finished-at="2023-11-25T11:29:47Z" duration-ms="35285" status="PASS">
          <reporter-output>
          </reporter-output>
        </test-method> <!-- addNewCustomer -->
        <test-method is-config="true" signature="tearDown()[pri:0, instance:com.inetbanking.testcases.TC_AddCustomerTest_003@5be46f9d]" started-at="2023-11-25T11:29:47Z" name="tearDown" finished-at="2023-11-25T11:29:49Z" duration-ms="1239" status="PASS">
          <reporter-output>
          </reporter-output>
        </test-method> <!-- tearDown -->
      </class> <!-- com.inetbanking.testcases.TC_AddCustomerTest_003 -->
    </test> <!-- Test -->
  </suite> <!-- Suite -->
</testng-results>
